c:\users\karkat\git\consolegame\consolegame\debug\vc141.pdb
c:\users\karkat\git\consolegame\consolegame\debug\vc141.idb
c:\users\karkat\git\consolegame\consolegame\debug\actions.obj
c:\users\karkat\git\consolegame\consolegame\debug\characterclass.obj
c:\users\karkat\git\consolegame\consolegame\debug\enemies.obj
c:\users\karkat\git\consolegame\consolegame\debug\entitycollections.obj
c:\users\karkat\git\consolegame\consolegame\debug\entity.obj
c:\users\karkat\git\consolegame\consolegame\debug\entitystats.obj
c:\users\karkat\git\consolegame\consolegame\debug\equipment.obj
c:\users\karkat\git\consolegame\consolegame\debug\factory.obj
c:\users\karkat\git\consolegame\consolegame\debug\game.obj
c:\users\karkat\git\consolegame\consolegame\debug\inventory.obj
c:\users\karkat\git\consolegame\consolegame\debug\item.obj
c:\users\karkat\git\consolegame\consolegame\debug\equipmentstats.obj
c:\users\karkat\git\consolegame\consolegame\debug\main.obj
c:\users\karkat\git\consolegame\consolegame\debug\player.obj
c:\users\karkat\git\consolegame\debug\consolegame.ilk
c:\users\karkat\git\consolegame\debug\consolegame.exe
c:\users\karkat\git\consolegame\debug\consolegame.pdb
c:\users\karkat\git\consolegame\consolegame\debug\consolegame.tlog\cl.command.1.tlog
c:\users\karkat\git\consolegame\consolegame\debug\consolegame.tlog\cl.read.1.tlog
c:\users\karkat\git\consolegame\consolegame\debug\consolegame.tlog\cl.write.1.tlog
c:\users\karkat\git\consolegame\consolegame\debug\consolegame.tlog\link.command.1.tlog
c:\users\karkat\git\consolegame\consolegame\debug\consolegame.tlog\link.read.1.tlog
c:\users\karkat\git\consolegame\consolegame\debug\consolegame.tlog\link.write.1.tlog
